<?xml version="1.0" encoding="UTF-8"?>
<testng-results skipped="0" failed="0" ignored="0" total="2" passed="2">
  <reporter-output>
  </reporter-output>
  <suite name="Surefire suite" duration-ms="15242" started-at="2021-07-17T12:08:17 CDT" finished-at="2021-07-17T12:08:32 CDT">
    <groups>
      <group name="cucumber">
        <method signature="AbstractTestNGCucumberTests.feature(cucumber.api.testng.CucumberFeatureWrapper)[pri:0, instance:com.bangladesh.TestRunner.TestRunner_BD@56235b8e]" name="feature" class="cucumber.api.testng.AbstractTestNGCucumberTests"/>
      </group> <!-- cucumber -->
    </groups>
    <test name="Surefire test" duration-ms="15242" started-at="2021-07-17T12:08:17 CDT" finished-at="2021-07-17T12:08:32 CDT">
      <class name="com.bangladesh.TestRunner.TestRunner_BD">
        <test-method status="PASS" signature="LaunchApplicationURL()[pri:0, instance:com.bangladesh.TestRunner.TestRunner_BD@56235b8e]" name="LaunchApplicationURL" is-config="true" duration-ms="2205" started-at="2021-07-17T12:08:17 CDT" finished-at="2021-07-17T12:08:19 CDT">
          <reporter-output>
          </reporter-output>
        </test-method> <!-- LaunchApplicationURL -->
        <test-method status="PASS" signature="setUpClass()[pri:0, instance:com.bangladesh.TestRunner.TestRunner_BD@56235b8e]" name="setUpClass" is-config="true" duration-ms="279" started-at="2021-07-17T12:08:19 CDT" finished-at="2021-07-17T12:08:20 CDT">
          <reporter-output>
          </reporter-output>
        </test-method> <!-- setUpClass -->
        <test-method status="PASS" signature="feature(cucumber.api.testng.CucumberFeatureWrapper)[pri:0, instance:com.bangladesh.TestRunner.TestRunner_BD@56235b8e]" name="feature" duration-ms="5382" started-at="2021-07-17T12:08:20 CDT" description="Runs Cucumber Feature" data-provider="features" finished-at="2021-07-17T12:08:25 CDT">
          <params>
            <param index="0">
              <value>
                <![CDATA[Home page]]>
              </value>
            </param>
          </params>
          <reporter-output>
          </reporter-output>
        </test-method> <!-- feature -->
        <test-method status="PASS" signature="feature(cucumber.api.testng.CucumberFeatureWrapper)[pri:0, instance:com.bangladesh.TestRunner.TestRunner_BD@56235b8e]" name="feature" duration-ms="6347" started-at="2021-07-17T12:08:25 CDT" description="Runs Cucumber Feature" data-provider="features" finished-at="2021-07-17T12:08:32 CDT">
          <params>
            <param index="0">
              <value>
                <![CDATA[Login]]>
              </value>
            </param>
          </params>
          <reporter-output>
          </reporter-output>
        </test-method> <!-- feature -->
        <test-method status="PASS" signature="tearDownClass()[pri:0, instance:com.bangladesh.TestRunner.TestRunner_BD@56235b8e]" name="tearDownClass" is-config="true" duration-ms="15" started-at="2021-07-17T12:08:32 CDT" finished-at="2021-07-17T12:08:32 CDT">
          <reporter-output>
          </reporter-output>
        </test-method> <!-- tearDownClass -->
        <test-method status="PASS" signature="CloseApplicationURL()[pri:0, instance:com.bangladesh.TestRunner.TestRunner_BD@56235b8e]" name="CloseApplicationURL" is-config="true" duration-ms="842" started-at="2021-07-17T12:08:32 CDT" finished-at="2021-07-17T12:08:32 CDT">
          <reporter-output>
          </reporter-output>
        </test-method> <!-- CloseApplicationURL -->
      </class> <!-- com.bangladesh.TestRunner.TestRunner_BD -->
    </test> <!-- Surefire test -->
  </suite> <!-- Surefire suite -->
</testng-results>
